<?xml version="1.0" encoding="UTF-8"?>
<!-- Generated by org.testng.reporters.JUnitReportReporter -->
<testsuite skipped="0" hostname="LAPTOP-7RM6SAN7" name="com.Excel.Test1" tests="1" failures="0" timestamp="2021-06-05T23:04:04 IST" time="0.020" errors="0">
  <testcase name="test_start" time="0.020" classname="com.Excel.Test1"/>
  <system-out/>
</testsuite> <!-- com.Excel.Test1 -->
