<?xml version="1.0" encoding="UTF-8"?>
<!-- Generated by org.testng.reporters.JUnitReportReporter -->
<testsuite skipped="0" hostname="LAPTOP-7RM6SAN7" name="com.Excel.ReadExcel" tests="1" failures="0" timestamp="2021-06-05T19:32:51 IST" time="2.343" errors="0">
  <testcase name="read" time="2.343" classname="com.Excel.ReadExcel"/>
  <system-out/>
</testsuite> <!-- com.Excel.ReadExcel -->
