<?xml version="1.0" encoding="UTF-8"?>
<!-- Generated by org.testng.reporters.JUnitReportReporter -->
<testsuite skipped="0" hostname="LAPTOP-7RM6SAN7" name="com.Excel.Test1" tests="1" failures="0" timestamp="2021-06-06T16:29:32 IST" time="30.196" errors="0">
  <testcase name="test_start" time="30.196" classname="com.Excel.Test1"/>
  <system-out/>
</testsuite> <!-- com.Excel.Test1 -->
